# JRE version: Java(TM) SE Runtime Environment (8.0-b132) (build 1.8.0-b132)
# Java VM: Java HotSpot(TM) 64-Bit Server VM (25.0-b70 mixed mode windows-amd64 compressed oops)
Heap:
 PSYoungGen      total 232960K, used 60309K [0x00000000eab00000, 0x0000000100000000, 0x0000000100000000)
  eden space 116736K, 51% used [0x00000000eab00000,0x00000000ee5e5558,0x00000000f1d00000)
  from space 116224K, 0% used [0x00000000f8e80000,0x00000000f8e80000,0x0000000100000000)
  to   space 116224K, 0% used [0x00000000f1d00000,0x00000000f1d00000,0x00000000f8e80000)
 ParOldGen       total 225792K, used 179706K [0x00000000c0000000, 0x00000000cdc80000, 0x00000000eab00000)
  object space 225792K, 79% used [0x00000000c0000000,0x00000000caf7e8f0,0x00000000cdc80000)
 Metaspace       used 6237K, capacity 7064K, committed 7424K, reserved 1056768K
  class space    used 621K, capacity 656K, committed 768K, reserved 1048576K
GC Heap History (10 events):
Event: 10.643 GC heap before
{Heap before GC invocations=35 (full 5):
 PSYoungGen      total 214016K, used 202252K [0x00000000eab00000, 0x00000000ff700000, 0x0000000100000000)
  eden space 124928K, 100% used [0x00000000eab00000,0x00000000f2500000,0x00000000f2500000)
  from space 89088K, 86% used [0x00000000f2500000,0x00000000f7083338,0x00000000f7c00000)
  to   space 99840K, 0% used [0x00000000f9580000,0x00000000f9580000,0x00000000ff700000)
 ParOldGen       total 183296K, used 142479K [0x00000000c0000000, 0x00000000cb300000, 0x00000000eab00000)
  object space 183296K, 77% used [0x00000000c0000000,0x00000000c8b23fb8,0x00000000cb300000)
 Metaspace       used 6180K, capacity 7064K, committed 7424K, reserved 1056768K
  class space    used 616K, capacity 656K, committed 768K, reserved 1048576K
Event: 10.908 GC heap after
Heap after GC invocations=35 (full 5):
 PSYoungGen      total 232448K, used 75036K [0x00000000eab00000, 0x0000000100000000, 0x0000000100000000)
  eden space 132608K, 0% used [0x00000000eab00000,0x00000000eab00000,0x00000000f2c80000)
  from space 99840K, 75% used [0x00000000f9580000,0x00000000fdec72e0,0x00000000ff700000)
  to   space 107520K, 0% used [0x00000000f2c80000,0x00000000f2c80000,0x00000000f9580000)
 ParOldGen       total 183296K, used 142479K [0x00000000c0000000, 0x00000000cb300000, 0x00000000eab00000)
  object space 183296K, 77% used [0x00000000c0000000,0x00000000c8b23fb8,0x00000000cb300000)
 Metaspace       used 6180K, capacity 7064K, committed 7424K, reserved 1056768K
  class space    used 616K, capacity 656K, committed 768K, reserved 1048576K
}
Event: 11.275 GC heap before
{Heap before GC invocations=36 (full 5):
 PSYoungGen      total 232448K, used 207644K [0x00000000eab00000, 0x0000000100000000, 0x0000000100000000)
  eden space 132608K, 100% used [0x00000000eab00000,0x00000000f2c80000,0x00000000f2c80000)
  from space 99840K, 75% used [0x00000000f9580000,0x00000000fdec72e0,0x00000000ff700000)
  to   space 107520K, 0% used [0x00000000f2c80000,0x00000000f2c80000,0x00000000f9580000)
 ParOldGen       total 183296K, used 142479K [0x00000000c0000000, 0x00000000cb300000, 0x00000000eab00000)
  object space 183296K, 77% used [0x00000000c0000000,0x00000000c8b23fb8,0x00000000cb300000)
 Metaspace       used 6181K, capacity 7064K, committed 7424K, reserved 1056768K
  class space    used 616K, capacity 656K, committed 768K, reserved 1048576K
Event: 11.358 GC heap after
Heap after GC invocations=36 (full 5):
 PSYoungGen      total 218624K, used 85655K [0x00000000eab00000, 0x0000000100000000, 0x0000000100000000)
  eden space 132608K, 0% used [0x00000000eab00000,0x00000000eab00000,0x00000000f2c80000)
  from space 86016K, 99% used [0x00000000f2c80000,0x00000000f8025c40,0x00000000f8080000)
  to   space 116224K, 0% used [0x00000000f8e80000,0x00000000f8e80000,0x0000000100000000)
 ParOldGen       total 183296K, used 142479K [0x00000000c0000000, 0x00000000cb300000, 0x00000000eab00000)
  object space 183296K, 77% used [0x00000000c0000000,0x00000000c8b23fb8,0x00000000cb300000)
 Metaspace       used 6181K, capacity 7064K, committed 7424K, reserved 1056768K
  class space    used 616K, capacity 656K, committed 768K, reserved 1048576K
}
Event: 11.518 GC heap before
{Heap before GC invocations=37 (full 5):
 PSYoungGen      total 218624K, used 218263K [0x00000000eab00000, 0x0000000100000000, 0x0000000100000000)
  eden space 132608K, 100% used [0x00000000eab00000,0x00000000f2c80000,0x00000000f2c80000)
  from space 86016K, 99% used [0x00000000f2c80000,0x00000000f8025c40,0x00000000f8080000)
  to   space 116224K, 0% used [0x00000000f8e80000,0x00000000f8e80000,0x0000000100000000)
 ParOldGen       total 183296K, used 142479K [0x00000000c0000000, 0x00000000cb300000, 0x00000000eab00000)
  object space 183296K, 77% used [0x00000000c0000000,0x00000000c8b23fb8,0x00000000cb300000)
 Metaspace       used 6182K, capacity 7064K, committed 7424K, reserved 1056768K
  class space    used 616K, capacity 656K, committed 768K, reserved 1048576K
Event: 11.677 GC heap after
Heap after GC invocations=37 (full 5):
 PSYoungGen      total 232960K, used 105173K [0x00000000eab00000, 0x0000000100000000, 0x0000000100000000)
  eden space 116736K, 0% used [0x00000000eab00000,0x00000000eab00000,0x00000000f1d00000)
  from space 116224K, 90% used [0x00000000f8e80000,0x00000000ff5356f8,0x0000000100000000)
  to   space 116224K, 0% used [0x00000000f1d00000,0x00000000f1d00000,0x00000000f8e80000)
 ParOldGen       total 183296K, used 173563K [0x00000000c0000000, 0x00000000cb300000, 0x00000000eab00000)
  object space 183296K, 94% used [0x00000000c0000000,0x00000000ca97ee10,0x00000000cb300000)
 Metaspace       used 6182K, capacity 7064K, committed 7424K, reserved 1056768K
  class space    used 616K, capacity 656K, committed 768K, reserved 1048576K
}
Event: 11.677 GC heap before
{Heap before GC invocations=38 (full 6):
 PSYoungGen      total 232960K, used 105173K [0x00000000eab00000, 0x0000000100000000, 0x0000000100000000)
  eden space 116736K, 0% used [0x00000000eab00000,0x00000000eab00000,0x00000000f1d00000)
  from space 116224K, 90% used [0x00000000f8e80000,0x00000000ff5356f8,0x0000000100000000)
  to   space 116224K, 0% used [0x00000000f1d00000,0x00000000f1d00000,0x00000000f8e80000)
 ParOldGen       total 183296K, used 173563K [0x00000000c0000000, 0x00000000cb300000, 0x00000000eab00000)
  object space 183296K, 94% used [0x00000000c0000000,0x00000000ca97ee10,0x00000000cb300000)
 Metaspace       used 6182K, capacity 7064K, committed 7424K, reserved 1056768K
  class space    used 616K, capacity 656K, committed 768K, reserved 1048576K
Event: 12.401 GC heap after
Heap after GC invocations=38 (full 6):
 PSYoungGen      total 232960K, used 1687K [0x00000000eab00000, 0x0000000100000000, 0x0000000100000000)
  eden space 116736K, 0% used [0x00000000eab00000,0x00000000eab00000,0x00000000f1d00000)
  from space 116224K, 1% used [0x00000000f8e80000,0x00000000f9025d48,0x0000000100000000)
  to   space 116224K, 0% used [0x00000000f1d00000,0x00000000f1d00000,0x00000000f8e80000)
 ParOldGen       total 183296K, used 183229K [0x00000000c0000000, 0x00000000cb300000, 0x00000000eab00000)
  object space 183296K, 99% used [0x00000000c0000000,0x00000000cb2ef578,0x00000000cb300000)
 Metaspace       used 6182K, capacity 7064K, committed 7424K, reserved 1056768K
  class space    used 616K, capacity 656K, committed 768K, reserved 1048576K
}
Event: 12.612 GC heap before
{Heap before GC invocations=39 (full 7):
 PSYoungGen      total 232960K, used 118423K [0x00000000eab00000, 0x0000000100000000, 0x0000000100000000)
  eden space 116736K, 100% used [0x00000000eab00000,0x00000000f1d00000,0x00000000f1d00000)
  from space 116224K, 1% used [0x00000000f8e80000,0x00000000f9025d48,0x0000000100000000)
  to   space 116224K, 0% used [0x00000000f1d00000,0x00000000f1d00000,0x00000000f8e80000)
 ParOldGen       total 183296K, used 183229K [0x00000000c0000000, 0x00000000cb300000, 0x00000000eab00000)
  object space 183296K, 99% used [0x00000000c0000000,0x00000000cb2ef578,0x00000000cb300000)
 Metaspace       used 6182K, capacity 7064K, committed 7424K, reserved 1056768K
  class space    used 616K, capacity 656K, committed 768K, reserved 1048576K
Event: 13.028 GC heap after
Heap after GC invocations=39 (full 7):
 PSYoungGen      total 232960K, used 0K [0x00000000eab00000, 0x0000000100000000, 0x0000000100000000)
  eden space 116736K, 0% used [0x00000000eab00000,0x00000000eab00000,0x00000000f1d00000)
  from space 116224K, 0% used [0x00000000f8e80000,0x00000000f8e80000,0x0000000100000000)
  to   space 116224K, 0% used [0x00000000f1d00000,0x00000000f1d00000,0x00000000f8e80000)
 ParOldGen       total 225792K, used 179706K [0x00000000c0000000, 0x00000000cdc80000, 0x00000000eab00000)
  object space 225792K, 79% used [0x00000000c0000000,0x00000000caf7e8f0,0x00000000cdc80000)
 Metaspace       used 6182K, capacity 7064K, committed 7424K, reserved 1056768K
  class space    used 616K, capacity 656K, committed 768K, reserved 1048576K
}

