# JRE version: Java(TM) SE Runtime Environment (8.0-b132) (build 1.8.0-b132)
# Java VM: Java HotSpot(TM) 64-Bit Server VM (25.0-b70 mixed mode windows-amd64 compressed oops)
Heap:
 PSYoungGen      total 219136K, used 155372K [0x00000000eab00000, 0x00000000ff300000, 0x0000000100000000)
  eden space 123392K, 78% used [0x00000000eab00000,0x00000000f0992970,0x00000000f2380000)
  from space 95744K, 61% used [0x00000000f2380000,0x00000000f5ca8720,0x00000000f8100000)
  to   space 97792K, 0% used [0x00000000f9380000,0x00000000f9380000,0x00000000ff300000)
 ParOldGen       total 153088K, used 117984K [0x00000000c0000000, 0x00000000c9580000, 0x00000000eab00000)
  object space 153088K, 77% used [0x00000000c0000000,0x00000000c73380c8,0x00000000c9580000)
 Metaspace       used 6099K, capacity 7000K, committed 7168K, reserved 1056768K
  class space    used 615K, capacity 656K, committed 768K, reserved 1048576K
GC Heap History (10 events):
Event: 10.976 GC heap before
{Heap before GC invocations=33 (full 5):
 PSYoungGen      total 175616K, used 98304K [0x00000000eab00000, 0x00000000fb800000, 0x0000000100000000)
  eden space 98304K, 100% used [0x00000000eab00000,0x00000000f0b00000,0x00000000f0b00000)
  from space 77312K, 0% used [0x00000000f0b00000,0x00000000f0b00000,0x00000000f5680000)
  to   space 81408K, 0% used [0x00000000f6880000,0x00000000f6880000,0x00000000fb800000)
 ParOldGen       total 144896K, used 108587K [0x00000000c0000000, 0x00000000c8d80000, 0x00000000eab00000)
  object space 144896K, 74% used [0x00000000c0000000,0x00000000c6a0af10,0x00000000c8d80000)
 Metaspace       used 6075K, capacity 7000K, committed 7168K, reserved 1056768K
  class space    used 614K, capacity 656K, committed 768K, reserved 1048576K
Event: 11.058 GC heap after
Heap after GC invocations=33 (full 5):
 PSYoungGen      total 185856K, used 38334K [0x00000000eab00000, 0x00000000fb200000, 0x0000000100000000)
  eden space 110592K, 0% used [0x00000000eab00000,0x00000000eab00000,0x00000000f1700000)
  from space 75264K, 50% used [0x00000000f6880000,0x00000000f8def9a0,0x00000000fb200000)
  to   space 79360K, 0% used [0x00000000f1700000,0x00000000f1700000,0x00000000f6480000)
 ParOldGen       total 144896K, used 108587K [0x00000000c0000000, 0x00000000c8d80000, 0x00000000eab00000)
  object space 144896K, 74% used [0x00000000c0000000,0x00000000c6a0af10,0x00000000c8d80000)
 Metaspace       used 6075K, capacity 7000K, committed 7168K, reserved 1056768K
  class space    used 614K, capacity 656K, committed 768K, reserved 1048576K
}
Event: 11.365 GC heap before
{Heap before GC invocations=34 (full 5):
 PSYoungGen      total 185856K, used 148926K [0x00000000eab00000, 0x00000000fb200000, 0x0000000100000000)
  eden space 110592K, 100% used [0x00000000eab00000,0x00000000f1700000,0x00000000f1700000)
  from space 75264K, 50% used [0x00000000f6880000,0x00000000f8def9a0,0x00000000fb200000)
  to   space 79360K, 0% used [0x00000000f1700000,0x00000000f1700000,0x00000000f6480000)
 ParOldGen       total 144896K, used 108587K [0x00000000c0000000, 0x00000000c8d80000, 0x00000000eab00000)
  object space 144896K, 74% used [0x00000000c0000000,0x00000000c6a0af10,0x00000000c8d80000)
 Metaspace       used 6075K, capacity 7000K, committed 7168K, reserved 1056768K
  class space    used 614K, capacity 656K, committed 768K, reserved 1048576K
Event: 11.480 GC heap after
Heap after GC invocations=34 (full 5):
 PSYoungGen      total 189952K, used 79345K [0x00000000eab00000, 0x00000000fe200000, 0x0000000100000000)
  eden space 110592K, 0% used [0x00000000eab00000,0x00000000eab00000,0x00000000f1700000)
  from space 79360K, 99% used [0x00000000f1700000,0x00000000f647c5b8,0x00000000f6480000)
  to   space 96768K, 0% used [0x00000000f8380000,0x00000000f8380000,0x00000000fe200000)
 ParOldGen       total 144896K, used 119371K [0x00000000c0000000, 0x00000000c8d80000, 0x00000000eab00000)
  object space 144896K, 82% used [0x00000000c0000000,0x00000000c7492f10,0x00000000c8d80000)
 Metaspace       used 6075K, capacity 7000K, committed 7168K, reserved 1056768K
  class space    used 614K, capacity 656K, committed 768K, reserved 1048576K
}
Event: 11.480 GC heap before
{Heap before GC invocations=35 (full 6):
 PSYoungGen      total 189952K, used 79345K [0x00000000eab00000, 0x00000000fe200000, 0x0000000100000000)
  eden space 110592K, 0% used [0x00000000eab00000,0x00000000eab00000,0x00000000f1700000)
  from space 79360K, 99% used [0x00000000f1700000,0x00000000f647c5b8,0x00000000f6480000)
  to   space 96768K, 0% used [0x00000000f8380000,0x00000000f8380000,0x00000000fe200000)
 ParOldGen       total 144896K, used 119371K [0x00000000c0000000, 0x00000000c8d80000, 0x00000000eab00000)
  object space 144896K, 82% used [0x00000000c0000000,0x00000000c7492f10,0x00000000c8d80000)
 Metaspace       used 6075K, capacity 7000K, committed 7168K, reserved 1056768K
  class space    used 614K, capacity 656K, committed 768K, reserved 1048576K
Event: 12.035 GC heap after
Heap after GC invocations=35 (full 6):
 PSYoungGen      total 189952K, used 0K [0x00000000eab00000, 0x00000000fe200000, 0x0000000100000000)
  eden space 110592K, 0% used [0x00000000eab00000,0x00000000eab00000,0x00000000f1700000)
  from space 79360K, 0% used [0x00000000f1700000,0x00000000f1700000,0x00000000f6480000)
  to   space 96768K, 0% used [0x00000000f8380000,0x00000000f8380000,0x00000000fe200000)
 ParOldGen       total 153088K, used 117984K [0x00000000c0000000, 0x00000000c9580000, 0x00000000eab00000)
  object space 153088K, 77% used [0x00000000c0000000,0x00000000c73380c8,0x00000000c9580000)
 Metaspace       used 6075K, capacity 7000K, committed 7168K, reserved 1056768K
  class space    used 614K, capacity 656K, committed 768K, reserved 1048576K
}
Event: 12.718 GC heap before
{Heap before GC invocations=36 (full 6):
 PSYoungGen      total 189952K, used 110592K [0x00000000eab00000, 0x00000000fe200000, 0x0000000100000000)
  eden space 110592K, 100% used [0x00000000eab00000,0x00000000f1700000,0x00000000f1700000)
  from space 79360K, 0% used [0x00000000f1700000,0x00000000f1700000,0x00000000f6480000)
  to   space 96768K, 0% used [0x00000000f8380000,0x00000000f8380000,0x00000000fe200000)
 ParOldGen       total 153088K, used 117984K [0x00000000c0000000, 0x00000000c9580000, 0x00000000eab00000)
  object space 153088K, 77% used [0x00000000c0000000,0x00000000c73380c8,0x00000000c9580000)
 Metaspace       used 6075K, capacity 7000K, committed 7168K, reserved 1056768K
  class space    used 614K, capacity 656K, committed 768K, reserved 1048576K
Event: 12.884 GC heap after
Heap after GC invocations=36 (full 6):
 PSYoungGen      total 216576K, used 51346K [0x00000000eab00000, 0x00000000fde80000, 0x0000000100000000)
  eden space 123392K, 0% used [0x00000000eab00000,0x00000000eab00000,0x00000000f2380000)
  from space 93184K, 55% used [0x00000000f8380000,0x00000000fb5a48c0,0x00000000fde80000)
  to   space 95744K, 0% used [0x00000000f2380000,0x00000000f2380000,0x00000000f8100000)
 ParOldGen       total 153088K, used 117984K [0x00000000c0000000, 0x00000000c9580000, 0x00000000eab00000)
  object space 153088K, 77% used [0x00000000c0000000,0x00000000c73380c8,0x00000000c9580000)
 Metaspace       used 6075K, capacity 7000K, committed 7168K, reserved 1056768K
  class space    used 614K, capacity 656K, committed 768K, reserved 1048576K
}
Event: 13.326 GC heap before
{Heap before GC invocations=37 (full 6):
 PSYoungGen      total 216576K, used 174738K [0x00000000eab00000, 0x00000000fde80000, 0x0000000100000000)
  eden space 123392K, 100% used [0x00000000eab00000,0x00000000f2380000,0x00000000f2380000)
  from space 93184K, 55% used [0x00000000f8380000,0x00000000fb5a48c0,0x00000000fde80000)
  to   space 95744K, 0% used [0x00000000f2380000,0x00000000f2380000,0x00000000f8100000)
 ParOldGen       total 153088K, used 117984K [0x00000000c0000000, 0x00000000c9580000, 0x00000000eab00000)
  object space 153088K, 77% used [0x00000000c0000000,0x00000000c73380c8,0x00000000c9580000)
 Metaspace       used 6075K, capacity 7000K, committed 7168K, reserved 1056768K
  class space    used 614K, capacity 656K, committed 768K, reserved 1048576K
Event: 13.743 GC heap after
Heap after GC invocations=37 (full 6):
 PSYoungGen      total 219136K, used 58529K [0x00000000eab00000, 0x00000000ff300000, 0x0000000100000000)
  eden space 123392K, 0% used [0x00000000eab00000,0x00000000eab00000,0x00000000f2380000)
  from space 95744K, 61% used [0x00000000f2380000,0x00000000f5ca8720,0x00000000f8100000)
  to   space 97792K, 0% used [0x00000000f9380000,0x00000000f9380000,0x00000000ff300000)
 ParOldGen       total 153088K, used 117984K [0x00000000c0000000, 0x00000000c9580000, 0x00000000eab00000)
  object space 153088K, 77% used [0x00000000c0000000,0x00000000c73380c8,0x00000000c9580000)
 Metaspace       used 6075K, capacity 7000K, committed 7168K, reserved 1056768K
  class space    used 614K, capacity 656K, committed 768K, reserved 1048576K
}

